-------------------------------------------------------------------------------
Test set: net.serenitybdd.practiseSession.AcceptanceTestSuite
-------------------------------------------------------------------------------
Tests run: 1, Failures: 0, Errors: 1, Skipped: 0, Time elapsed: 3.349 sec <<< FAILURE! - in net.serenitybdd.practiseSession.AcceptanceTestSuite
Check if the student application can be accessed by users(Testing different requests on the reqres application)  Time elapsed: 3.009 sec  <<< ERROR!
java.lang.NoSuchFieldError: SERENITY_DISABLE_REST_CALLS_AFTER_FAILURES

